<?xml version="1.0" encoding="UTF-8"?>
<testsuite xmlns:xsi="http://www.w3.org/2001/XMLSchema-instance" xsi:noNamespaceSchemaLocation="https://maven.apache.org/surefire/maven-surefire-plugin/xsd/surefire-test-report.xsd" name="com.example.mybatisplus.MybatisPlusApplicationTests" time="0.925" tests="1" errors="0" skipped="0" failures="0">
  <properties>
    <property name="sun.desktop" value="windows"/>
    <property name="awt.toolkit" value="sun.awt.windows.WToolkit"/>
    <property name="file.encoding.pkg" value="sun.io"/>
    <property name="java.specification.version" value="1.8"/>
    <property name="sun.cpu.isalist" value="amd64"/>
    <property name="sun.jnu.encoding" value="GBK"/>
    <property name="java.class.path" value="E:\Project\mybatis315\target\test-classes;E:\Project\mybatis315\target\classes;E:\maven\.m2\org\springframework\boot\spring-boot-starter\2.6.4\spring-boot-starter-2.6.4.jar;E:\maven\.m2\org\springframework\boot\spring-boot\2.6.4\spring-boot-2.6.4.jar;E:\maven\.m2\org\springframework\spring-context\5.3.16\spring-context-5.3.16.jar;E:\maven\.m2\org\springframework\spring-aop\5.3.16\spring-aop-5.3.16.jar;E:\maven\.m2\org\springframework\spring-beans\5.3.16\spring-beans-5.3.16.jar;E:\maven\.m2\org\springframework\spring-expression\5.3.16\spring-expression-5.3.16.jar;E:\maven\.m2\org\springframework\boot\spring-boot-autoconfigure\2.6.4\spring-boot-autoconfigure-2.6.4.jar;E:\maven\.m2\org\springframework\boot\spring-boot-starter-logging\2.6.4\spring-boot-starter-logging-2.6.4.jar;E:\maven\.m2\ch\qos\logback\logback-classic\1.2.10\logback-classic-1.2.10.jar;E:\maven\.m2\ch\qos\logback\logback-core\1.2.10\logback-core-1.2.10.jar;E:\maven\.m2\org\apache\logging\log4j\log4j-to-slf4j\2.17.1\log4j-to-slf4j-2.17.1.jar;E:\maven\.m2\org\apache\logging\log4j\log4j-api\2.17.1\log4j-api-2.17.1.jar;E:\maven\.m2\org\slf4j\jul-to-slf4j\1.7.36\jul-to-slf4j-1.7.36.jar;E:\maven\.m2\jakarta\annotation\jakarta.annotation-api\1.3.5\jakarta.annotation-api-1.3.5.jar;E:\maven\.m2\org\springframework\spring-core\5.3.16\spring-core-5.3.16.jar;E:\maven\.m2\org\springframework\spring-jcl\5.3.16\spring-jcl-5.3.16.jar;E:\maven\.m2\org\yaml\snakeyaml\1.29\snakeyaml-1.29.jar;E:\maven\.m2\org\springframework\boot\spring-boot-starter-test\2.6.4\spring-boot-starter-test-2.6.4.jar;E:\maven\.m2\org\springframework\boot\spring-boot-test\2.6.4\spring-boot-test-2.6.4.jar;E:\maven\.m2\org\springframework\boot\spring-boot-test-autoconfigure\2.6.4\spring-boot-test-autoconfigure-2.6.4.jar;E:\maven\.m2\com\jayway\jsonpath\json-path\2.6.0\json-path-2.6.0.jar;E:\maven\.m2\net\minidev\json-smart\2.4.8\json-smart-2.4.8.jar;E:\maven\.m2\net\minidev\accessors-smart\2.4.8\accessors-smart-2.4.8.jar;E:\maven\.m2\org\ow2\asm\asm\9.1\asm-9.1.jar;E:\maven\.m2\org\slf4j\slf4j-api\1.7.36\slf4j-api-1.7.36.jar;E:\maven\.m2\jakarta\xml\bind\jakarta.xml.bind-api\2.3.3\jakarta.xml.bind-api-2.3.3.jar;E:\maven\.m2\jakarta\activation\jakarta.activation-api\1.2.2\jakarta.activation-api-1.2.2.jar;E:\maven\.m2\org\assertj\assertj-core\3.21.0\assertj-core-3.21.0.jar;E:\maven\.m2\org\hamcrest\hamcrest\2.2\hamcrest-2.2.jar;E:\maven\.m2\org\junit\jupiter\junit-jupiter\5.8.2\junit-jupiter-5.8.2.jar;E:\maven\.m2\org\junit\jupiter\junit-jupiter-api\5.8.2\junit-jupiter-api-5.8.2.jar;E:\maven\.m2\org\opentest4j\opentest4j\1.2.0\opentest4j-1.2.0.jar;E:\maven\.m2\org\junit\platform\junit-platform-commons\1.8.2\junit-platform-commons-1.8.2.jar;E:\maven\.m2\org\apiguardian\apiguardian-api\1.1.2\apiguardian-api-1.1.2.jar;E:\maven\.m2\org\junit\jupiter\junit-jupiter-params\5.8.2\junit-jupiter-params-5.8.2.jar;E:\maven\.m2\org\junit\jupiter\junit-jupiter-engine\5.8.2\junit-jupiter-engine-5.8.2.jar;E:\maven\.m2\org\junit\platform\junit-platform-engine\1.8.2\junit-platform-engine-1.8.2.jar;E:\maven\.m2\org\mockito\mockito-core\4.0.0\mockito-core-4.0.0.jar;E:\maven\.m2\net\bytebuddy\byte-buddy\1.11.22\byte-buddy-1.11.22.jar;E:\maven\.m2\net\bytebuddy\byte-buddy-agent\1.11.22\byte-buddy-agent-1.11.22.jar;E:\maven\.m2\org\objenesis\objenesis\3.2\objenesis-3.2.jar;E:\maven\.m2\org\mockito\mockito-junit-jupiter\4.0.0\mockito-junit-jupiter-4.0.0.jar;E:\maven\.m2\org\skyscreamer\jsonassert\1.5.0\jsonassert-1.5.0.jar;E:\maven\.m2\com\vaadin\external\google\android-json\0.0.20131108.vaadin1\android-json-0.0.20131108.vaadin1.jar;E:\maven\.m2\org\springframework\spring-test\5.3.16\spring-test-5.3.16.jar;E:\maven\.m2\org\xmlunit\xmlunit-core\2.8.4\xmlunit-core-2.8.4.jar;"/>
    <property name="java.vm.vendor" value="Oracle Corporation"/>
    <property name="sun.arch.data.model" value="64"/>
    <property name="user.variant" value=""/>
    <property name="java.vendor.url" value="http://java.oracle.com/"/>
    <property name="user.timezone" value="Asia/Shanghai"/>
    <property name="java.vm.specification.version" value="1.8"/>
    <property name="os.name" value="Windows 10"/>
    <property name="user.country" value="CN"/>
    <property name="sun.java.launcher" value="SUN_STANDARD"/>
    <property name="sun.boot.library.path" value="D:\Software\java\jdk1.8.0_121_X64\jre\bin"/>
    <property name="sun.java.command" value="C:\Users\ADMINI~1\AppData\Local\Temp\surefire135852916196032240\surefirebooter6578317507358485504.jar C:\Users\Administrator\AppData\Local\Temp\surefire135852916196032240 2022-03-16T16-07-26_633-jvmRun1 surefire8916080982181078110tmp surefire_03630704636626323461tmp"/>
    <property name="surefire.test.class.path" value="E:\Project\mybatis315\target\test-classes;E:\Project\mybatis315\target\classes;E:\maven\.m2\org\springframework\boot\spring-boot-starter\2.6.4\spring-boot-starter-2.6.4.jar;E:\maven\.m2\org\springframework\boot\spring-boot\2.6.4\spring-boot-2.6.4.jar;E:\maven\.m2\org\springframework\spring-context\5.3.16\spring-context-5.3.16.jar;E:\maven\.m2\org\springframework\spring-aop\5.3.16\spring-aop-5.3.16.jar;E:\maven\.m2\org\springframework\spring-beans\5.3.16\spring-beans-5.3.16.jar;E:\maven\.m2\org\springframework\spring-expression\5.3.16\spring-expression-5.3.16.jar;E:\maven\.m2\org\springframework\boot\spring-boot-autoconfigure\2.6.4\spring-boot-autoconfigure-2.6.4.jar;E:\maven\.m2\org\springframework\boot\spring-boot-starter-logging\2.6.4\spring-boot-starter-logging-2.6.4.jar;E:\maven\.m2\ch\qos\logback\logback-classic\1.2.10\logback-classic-1.2.10.jar;E:\maven\.m2\ch\qos\logback\logback-core\1.2.10\logback-core-1.2.10.jar;E:\maven\.m2\org\apache\logging\log4j\log4j-to-slf4j\2.17.1\log4j-to-slf4j-2.17.1.jar;E:\maven\.m2\org\apache\logging\log4j\log4j-api\2.17.1\log4j-api-2.17.1.jar;E:\maven\.m2\org\slf4j\jul-to-slf4j\1.7.36\jul-to-slf4j-1.7.36.jar;E:\maven\.m2\jakarta\annotation\jakarta.annotation-api\1.3.5\jakarta.annotation-api-1.3.5.jar;E:\maven\.m2\org\springframework\spring-core\5.3.16\spring-core-5.3.16.jar;E:\maven\.m2\org\springframework\spring-jcl\5.3.16\spring-jcl-5.3.16.jar;E:\maven\.m2\org\yaml\snakeyaml\1.29\snakeyaml-1.29.jar;E:\maven\.m2\org\springframework\boot\spring-boot-starter-test\2.6.4\spring-boot-starter-test-2.6.4.jar;E:\maven\.m2\org\springframework\boot\spring-boot-test\2.6.4\spring-boot-test-2.6.4.jar;E:\maven\.m2\org\springframework\boot\spring-boot-test-autoconfigure\2.6.4\spring-boot-test-autoconfigure-2.6.4.jar;E:\maven\.m2\com\jayway\jsonpath\json-path\2.6.0\json-path-2.6.0.jar;E:\maven\.m2\net\minidev\json-smart\2.4.8\json-smart-2.4.8.jar;E:\maven\.m2\net\minidev\accessors-smart\2.4.8\accessors-smart-2.4.8.jar;E:\maven\.m2\org\ow2\asm\asm\9.1\asm-9.1.jar;E:\maven\.m2\org\slf4j\slf4j-api\1.7.36\slf4j-api-1.7.36.jar;E:\maven\.m2\jakarta\xml\bind\jakarta.xml.bind-api\2.3.3\jakarta.xml.bind-api-2.3.3.jar;E:\maven\.m2\jakarta\activation\jakarta.activation-api\1.2.2\jakarta.activation-api-1.2.2.jar;E:\maven\.m2\org\assertj\assertj-core\3.21.0\assertj-core-3.21.0.jar;E:\maven\.m2\org\hamcrest\hamcrest\2.2\hamcrest-2.2.jar;E:\maven\.m2\org\junit\jupiter\junit-jupiter\5.8.2\junit-jupiter-5.8.2.jar;E:\maven\.m2\org\junit\jupiter\junit-jupiter-api\5.8.2\junit-jupiter-api-5.8.2.jar;E:\maven\.m2\org\opentest4j\opentest4j\1.2.0\opentest4j-1.2.0.jar;E:\maven\.m2\org\junit\platform\junit-platform-commons\1.8.2\junit-platform-commons-1.8.2.jar;E:\maven\.m2\org\apiguardian\apiguardian-api\1.1.2\apiguardian-api-1.1.2.jar;E:\maven\.m2\org\junit\jupiter\junit-jupiter-params\5.8.2\junit-jupiter-params-5.8.2.jar;E:\maven\.m2\org\junit\jupiter\junit-jupiter-engine\5.8.2\junit-jupiter-engine-5.8.2.jar;E:\maven\.m2\org\junit\platform\junit-platform-engine\1.8.2\junit-platform-engine-1.8.2.jar;E:\maven\.m2\org\mockito\mockito-core\4.0.0\mockito-core-4.0.0.jar;E:\maven\.m2\net\bytebuddy\byte-buddy\1.11.22\byte-buddy-1.11.22.jar;E:\maven\.m2\net\bytebuddy\byte-buddy-agent\1.11.22\byte-buddy-agent-1.11.22.jar;E:\maven\.m2\org\objenesis\objenesis\3.2\objenesis-3.2.jar;E:\maven\.m2\org\mockito\mockito-junit-jupiter\4.0.0\mockito-junit-jupiter-4.0.0.jar;E:\maven\.m2\org\skyscreamer\jsonassert\1.5.0\jsonassert-1.5.0.jar;E:\maven\.m2\com\vaadin\external\google\android-json\0.0.20131108.vaadin1\android-json-0.0.20131108.vaadin1.jar;E:\maven\.m2\org\springframework\spring-test\5.3.16\spring-test-5.3.16.jar;E:\maven\.m2\org\xmlunit\xmlunit-core\2.8.4\xmlunit-core-2.8.4.jar;"/>
    <property name="sun.cpu.endian" value="little"/>
    <property name="user.home" value="C:\Users\Administrator"/>
    <property name="user.language" value="zh"/>
    <property name="java.specification.vendor" value="Oracle Corporation"/>
    <property name="java.home" value="D:\Software\java\jdk1.8.0_121_X64\jre"/>
    <property name="basedir" value="E:\Project\mybatis315"/>
    <property name="file.separator" value="\"/>
    <property name="line.separator" value="&#10;"/>
    <property name="java.vm.specification.vendor" value="Oracle Corporation"/>
    <property name="java.specification.name" value="Java Platform API Specification"/>
    <property name="java.awt.graphicsenv" value="sun.awt.Win32GraphicsEnvironment"/>
    <property name="surefire.real.class.path" value="C:\Users\ADMINI~1\AppData\Local\Temp\surefire135852916196032240\surefirebooter6578317507358485504.jar"/>
    <property name="sun.boot.class.path" value="D:\Software\java\jdk1.8.0_121_X64\jre\lib\resources.jar;D:\Software\java\jdk1.8.0_121_X64\jre\lib\rt.jar;D:\Software\java\jdk1.8.0_121_X64\jre\lib\sunrsasign.jar;D:\Software\java\jdk1.8.0_121_X64\jre\lib\jsse.jar;D:\Software\java\jdk1.8.0_121_X64\jre\lib\jce.jar;D:\Software\java\jdk1.8.0_121_X64\jre\lib\charsets.jar;D:\Software\java\jdk1.8.0_121_X64\jre\lib\jfr.jar;D:\Software\java\jdk1.8.0_121_X64\jre\classes"/>
    <property name="user.script" value=""/>
    <property name="sun.management.compiler" value="HotSpot 64-Bit Tiered Compilers"/>
    <property name="java.runtime.version" value="1.8.0_121-b13"/>
    <property name="user.name" value="Administrator"/>
    <property name="path.separator" value=";"/>
    <property name="os.version" value="10.0"/>
    <property name="java.endorsed.dirs" value="D:\Software\java\jdk1.8.0_121_X64\jre\lib\endorsed"/>
    <property name="java.runtime.name" value="Java(TM) SE Runtime Environment"/>
    <property name="file.encoding" value="GBK"/>
    <property name="java.vm.name" value="Java HotSpot(TM) 64-Bit Server VM"/>
    <property name="localRepository" value="E:\maven\.m2"/>
    <property name="java.vendor.url.bug" value="http://bugreport.sun.com/bugreport/"/>
    <property name="java.io.tmpdir" value="C:\Users\ADMINI~1\AppData\Local\Temp\"/>
    <property name="java.version" value="1.8.0_121"/>
    <property name="user.dir" value="E:\Project\mybatis315"/>
    <property name="os.arch" value="amd64"/>
    <property name="java.vm.specification.name" value="Java Virtual Machine Specification"/>
    <property name="java.awt.printerjob" value="sun.awt.windows.WPrinterJob"/>
    <property name="sun.os.patch.level" value=""/>
    <property name="idea.version2019.3.5" value="true"/>
    <property name="java.library.path" value="D:\Software\java\jdk1.8.0_121_X64\jre\bin;C:\Windows\Sun\Java\bin;C:\Windows\system32;C:\Windows;C:\Program Files (x86)\NVIDIA Corporation\PhysX\Common;D:\Software\java\jdk1.8.0_121_X64\bin;D:\Software\java\jdk1.8.0_121_X64\jre\bin;D:\Software\XShell6\Xftp\;C:\Program Files (x86)\Common Files\Oracle\Java\javapath;C:\Windows\system32;C:\Windows;C:\Windows\System32\Wbem;C:\Windows\System32\WindowsPowerShell\v1.0\;C:\Windows\System32\OpenSSH\;D:\Git\Git\cmd;D:\Software\gradle-4.8.1-all\gradle-4.8.1\bin;D:\Software\TortoiseGit-2.10.0.0-64bit\bin;D:\Software\maven\apache-maven-3.6.3\bin;E:\software\Tools\mysql\mysql-5.7.30-winx64\bin;C:\ProgramData\chocolatey\bin;D:\Software\VsCode\node.js\;D:\tools\Tomcat8\apache-tomcat-8.5.57\bin;%USERPROFILE%\AppData\Local\Microsoft\WindowsApps;D:\Software\SSH Secure Shell ClientSSH Secure Shell Client;C:\Users\Administrator\AppData\Roaming\npm;D:\Software\VsCode\node.js\node_global;E:\QQ游戏\QQGameTempest\Hall.57734\;."/>
    <property name="java.vm.info" value="mixed mode"/>
    <property name="java.vendor" value="Oracle Corporation"/>
    <property name="java.vm.version" value="25.121-b13"/>
    <property name="java.ext.dirs" value="D:\Software\java\jdk1.8.0_121_X64\jre\lib\ext;C:\Windows\Sun\Java\lib\ext"/>
    <property name="sun.io.unicode.encoding" value="UnicodeLittle"/>
    <property name="maven.repo.local" value="E:\maven\.m2"/>
    <property name="java.class.version" value="52.0"/>
  </properties>
  <testcase name="contextLoads" classname="com.example.mybatisplus.MybatisPlusApplicationTests" time="0.129"/>
</testsuite>